{
  "Cucumber Features": {
    "coverage": {
      "D:/Universidad/Sexto Semestre/Ing de Software/Ruby/Proyecto - Git/ProyectoIngSoft/proyectoIngeSoft/app.rb": [
        1,
        1,
        1,
        null,
        1,
        1,
        1,
        null,
        1,
        1,
        null,
        null,
        1,
        0,
        0,
        null,
        0,
        null,
        null,
        1,
        1,
        null,
        null,
        1,
        0,
        0,
        0,
        0,
        0,
        0,
        0,
        0,
        null,
        0,
        null,
        null,
        1,
        null,
        0,
        0,
        0,
        0,
        null,
        null,
        0,
        0,
        0,
        0,
        null,
        null,
        0,
        0,
        0,
        null,
        null,
        null,
        null,
        null,
        null,
        null,
        0,
        null
      ],
      "D:/Universidad/Sexto Semestre/Ing de Software/Ruby/Proyecto - Git/ProyectoIngSoft/proyectoIngeSoft/lib/auto.rb": [
        1,
        null,
        1,
        0,
        0,
        null,
        0,
        null,
        0,
        0,
        null,
        null,
        null,
        1,
        0,
        null,
        null,
        1,
        0,
        null,
        null,
        1,
        0,
        null,
        null,
        1,
        0,
        null,
        null,
        null,
        1,
        0,
        null,
        null,
        1,
        0,
        null,
        null,
        1,
        0,
        null,
        null,
        1,
        0,
        null,
        null,
        null,
        1,
        0,
        0,
        null,
        0,
        null,
        0,
        null,
        0,
        null,
        0,
        null,
        0,
        0,
        null,
        0,
        null,
        0,
        null,
        0,
        null,
        0,
        null,
        null,
        null,
        null,
        1,
        0,
        null,
        0,
        null,
        0,
        null,
        0,
        null,
        0,
        null,
        null,
        null,
        1,
        0,
        null,
        0,
        null,
        0,
        null,
        0,
        null,
        0,
        null,
        null,
        null,
        null,
        null,
        null
      ],
      "D:/Universidad/Sexto Semestre/Ing de Software/Ruby/Proyecto - Git/ProyectoIngSoft/proyectoIngeSoft/lib/terreno.rb": [
        1,
        null,
        1,
        1,
        1,
        null,
        null,
        null,
        1,
        0,
        null,
        null,
        1,
        0,
        null,
        null,
        null,
        1,
        0,
        null,
        null,
        1,
        0,
        null,
        null,
        null,
        null
      ],
      "D:/Universidad/Sexto Semestre/Ing de Software/Ruby/Proyecto - Git/ProyectoIngSoft/proyectoIngeSoft/features/step_definitions/bienvenida_steps.rb": [
        1,
        1,
        null,
        null,
        1,
        1,
        null,
        null,
        1,
        1,
        null,
        null,
        1,
        0,
        null
      ],
      "D:/Universidad/Sexto Semestre/Ing de Software/Ruby/Proyecto - Git/ProyectoIngSoft/proyectoIngeSoft/features/step_definitions/entradas_steps.rb": [
        null,
        1,
        1,
        null,
        null,
        1,
        1,
        null,
        null,
        1,
        1,
        null,
        null,
        1,
        1,
        null,
        null,
        1,
        1,
        null,
        null,
        1,
        0,
        null,
        null,
        1,
        1,
        null,
        1,
        1,
        null,
        null
      ],
      "D:/Universidad/Sexto Semestre/Ing de Software/Ruby/Proyecto - Git/ProyectoIngSoft/proyectoIngeSoft/features/step_definitions/template_steps.rb": [
        1,
        0,
        null,
        null,
        1,
        0,
        null,
        null,
        1,
        0,
        null,
        null,
        1,
        0,
        null,
        null,
        1,
        0,
        null,
        null,
        1,
        0,
        null,
        null,
        1,
        0,
        null,
        null,
        null,
        null,
        1,
        null,
        0,
        null,
        0,
        0,
        null,
        null
      ]
    },
    "timestamp": 1576172138
  },
  "RSpec": {
    "coverage": {
      "D:/Universidad/Sexto Semestre/Ing de Software/Ruby/Proyecto - Git/ProyectoIngSoft/proyectoIngeSoft/spec/pruebas_spec.rb": [
        1,
        null,
        1,
        1,
        48,
        null,
        null,
        1,
        1,
        1,
        null,
        1,
        1,
        1,
        null,
        1,
        1,
        1,
        null,
        null,
        1,
        1,
        1,
        1,
        null,
        1,
        1,
        1,
        1,
        null,
        1,
        1,
        1,
        1,
        null,
        1,
        1,
        1,
        1,
        null,
        1,
        1,
        1,
        1,
        null,
        1,
        1,
        1,
        1,
        null,
        null,
        1,
        1,
        1,
        1,
        1,
        null,
        1,
        1,
        1,
        1,
        1,
        null,
        1,
        1,
        1,
        1,
        1,
        null,
        null,
        1,
        1,
        1,
        1,
        1,
        null,
        1,
        1,
        1,
        1,
        1,
        null,
        1,
        1,
        1,
        1,
        1,
        null,
        null
      ],
      "D:/Universidad/Sexto Semestre/Ing de Software/Ruby/Proyecto - Git/ProyectoIngSoft/proyectoIngeSoft/lib/auto.rb": [
        1,
        null,
        1,
        15,
        15,
        null,
        15,
        null,
        15,
        15,
        null,
        null,
        null,
        1,
        4,
        null,
        null,
        1,
        4,
        null,
        null,
        1,
        13,
        null,
        null,
        1,
        0,
        null,
        null,
        null,
        1,
        4,
        null,
        null,
        1,
        4,
        null,
        null,
        1,
        7,
        null,
        null,
        1,
        0,
        null,
        null,
        null,
        1,
        6,
        4,
        null,
        4,
        null,
        0,
        null,
        0,
        null,
        0,
        null,
        2,
        2,
        null,
        1,
        null,
        0,
        null,
        1,
        null,
        0,
        null,
        null,
        null,
        null,
        1,
        3,
        null,
        1,
        null,
        0,
        null,
        1,
        null,
        1,
        null,
        null,
        null,
        1,
        3,
        null,
        1,
        null,
        1,
        null,
        0,
        null,
        1,
        null,
        null,
        null,
        null,
        null,
        null
      ]
    },
    "timestamp": 1576172155
  }
}
